<?xml version="1.0" encoding="utf-8"?><testsuites name="pytest tests"><testsuite name="pytest" errors="0" failures="0" skipped="0" tests="34" time="7.456" timestamp="2026-05-12T12:10:10.858429+00:00" hostname="agent-env-4b77d4ea-8ae8-4701-84b1-e4ef4f32132e"><testcase classname="backend.tests.backend_test.TestHealth" name="test_root" time="0.152" /><testcase classname="backend.tests.backend_test.TestProducts" name="test_list_products" time="0.131" /><testcase classname="backend.tests.backend_test.TestProducts" name="test_filter_category" time="0.157" /><testcase classname="backend.tests.backend_test.TestProducts" name="test_search_naruto" time="0.153" /><testcase classname="backend.tests.backend_test.TestProducts" name="test_trending" time="0.130" /><testcase classname="backend.tests.backend_test.TestProducts" name="test_best_seller" time="0.100" /><testcase classname="backend.tests.backend_test.TestProducts" name="test_new_arrival" time="0.121" /><testcase classname="backend.tests.backend_test.TestProducts" name="test_featured" time="0.118" /><testcase classname="backend.tests.backend_test.TestProducts" name="test_categories" time="0.101" /><testcase classname="backend.tests.backend_test.TestProducts" name="test_single_product" time="0.276" /><testcase classname="backend.tests.backend_test.TestProducts" name="test_single_product_404" time="0.118" /><testcase classname="backend.tests.backend_test.TestAuth" name="test_login_admin" time="0.353" /><testcase classname="backend.tests.backend_test.TestAuth" name="test_login_invalid" time="0.346" /><testcase classname="backend.tests.backend_test.TestAuth" name="test_register_and_me" time="0.367" /><testcase classname="backend.tests.backend_test.TestAuth" name="test_register_duplicate" time="0.450" /><testcase classname="backend.tests.backend_test.TestAuth" name="test_me_unauth" time="0.112" /><testcase classname="backend.tests.backend_test.TestAuth" name="test_logout" time="0.396" /><testcase classname="backend.tests.backend_test.TestCart" name="test_cart_requires_auth" time="0.114" /><testcase classname="backend.tests.backend_test.TestCart" name="test_cart_flow" time="0.328" /><testcase classname="backend.tests.backend_test.TestWishlist" name="test_wishlist_requires_auth" time="0.125" /><testcase classname="backend.tests.backend_test.TestWishlist" name="test_wishlist_toggle" time="0.184" /><testcase classname="backend.tests.backend_test.TestCheckout" name="test_checkout_requires_auth" time="0.105" /><testcase classname="backend.tests.backend_test.TestCheckout" name="test_checkout_empty_cart" time="0.105" /><testcase classname="backend.tests.backend_test.TestCheckout" name="test_create_checkout_session" time="0.760" /><testcase classname="backend.tests.backend_test.TestOrders" name="test_orders_requires_auth" time="0.156" /><testcase classname="backend.tests.backend_test.TestOrders" name="test_user_orders" time="0.052" /><testcase classname="backend.tests.backend_test.TestAdmin" name="test_admin_analytics" time="0.400" /><testcase classname="backend.tests.backend_test.TestAdmin" name="test_admin_orders" time="0.056" /><testcase classname="backend.tests.backend_test.TestAdmin" name="test_admin_forbidden_for_user" time="0.134" /><testcase classname="backend.tests.backend_test.TestAdmin" name="test_admin_unauth" time="0.361" /><testcase classname="backend.tests.backend_test.TestAdmin" name="test_product_crud_admin" time="0.513" /><testcase classname="backend.tests.backend_test.TestAdmin" name="test_product_create_forbidden" time="0.052" /><testcase classname="backend.tests.backend_test.TestAdmin" name="test_product_create_unauth" time="0.108" /><testcase classname="backend.tests.backend_test.TestNewsletter" name="test_newsletter_subscribe" time="0.239" /></testsuite></testsuites>