<?xml version="1.0" encoding="utf-8"?><testsuites name="pytest tests"><testsuite name="pytest" errors="0" failures="1" skipped="0" tests="34" time="7.962" timestamp="2026-05-12T12:06:59.478538+00:00" hostname="agent-env-4b77d4ea-8ae8-4701-84b1-e4ef4f32132e"><testcase classname="backend.tests.backend_test.TestHealth" name="test_root" time="0.324" /><testcase classname="backend.tests.backend_test.TestProducts" name="test_list_products" time="0.145" /><testcase classname="backend.tests.backend_test.TestProducts" name="test_filter_category" time="0.115" /><testcase classname="backend.tests.backend_test.TestProducts" name="test_search_naruto" time="0.135" /><testcase classname="backend.tests.backend_test.TestProducts" name="test_trending" time="0.090" /><testcase classname="backend.tests.backend_test.TestProducts" name="test_best_seller" time="0.132" /><testcase classname="backend.tests.backend_test.TestProducts" name="test_new_arrival" time="0.095" /><testcase classname="backend.tests.backend_test.TestProducts" name="test_featured" time="0.155" /><testcase classname="backend.tests.backend_test.TestProducts" name="test_categories" time="0.115" /><testcase classname="backend.tests.backend_test.TestProducts" name="test_single_product" time="0.236" /><testcase classname="backend.tests.backend_test.TestProducts" name="test_single_product_404" time="0.122" /><testcase classname="backend.tests.backend_test.TestAuth" name="test_login_admin" time="0.356" /><testcase classname="backend.tests.backend_test.TestAuth" name="test_login_invalid" time="0.381" /><testcase classname="backend.tests.backend_test.TestAuth" name="test_register_and_me" time="0.382" /><testcase classname="backend.tests.backend_test.TestAuth" name="test_register_duplicate" time="0.494" /><testcase classname="backend.tests.backend_test.TestAuth" name="test_me_unauth" time="0.113" /><testcase classname="backend.tests.backend_test.TestAuth" name="test_logout" time="0.387" /><testcase classname="backend.tests.backend_test.TestCart" name="test_cart_requires_auth" time="0.118" /><testcase classname="backend.tests.backend_test.TestCart" name="test_cart_flow" time="0.347" /><testcase classname="backend.tests.backend_test.TestWishlist" name="test_wishlist_requires_auth" time="0.175" /><testcase classname="backend.tests.backend_test.TestWishlist" name="test_wishlist_toggle" time="0.184" /><testcase classname="backend.tests.backend_test.TestCheckout" name="test_checkout_requires_auth" time="0.126" /><testcase classname="backend.tests.backend_test.TestCheckout" name="test_checkout_empty_cart" time="0.112" /><testcase classname="backend.tests.backend_test.TestCheckout" name="test_create_checkout_session" time="0.953"><failure message="assert 500 == 200&#10; +  where 500 = &lt;Response [500]&gt;.status_code">backend/tests/backend_test.py:257: in test_create_checkout_session
    assert st.status_code == 200
E   assert 500 == 200
E    +  where 500 = &lt;Response [500]&gt;.status_code</failure></testcase><testcase classname="backend.tests.backend_test.TestOrders" name="test_orders_requires_auth" time="0.135" /><testcase classname="backend.tests.backend_test.TestOrders" name="test_user_orders" time="0.227" /><testcase classname="backend.tests.backend_test.TestAdmin" name="test_admin_analytics" time="0.422" /><testcase classname="backend.tests.backend_test.TestAdmin" name="test_admin_orders" time="0.075" /><testcase classname="backend.tests.backend_test.TestAdmin" name="test_admin_forbidden_for_user" time="0.120" /><testcase classname="backend.tests.backend_test.TestAdmin" name="test_admin_unauth" time="0.099" /><testcase classname="backend.tests.backend_test.TestAdmin" name="test_product_crud_admin" time="0.529" /><testcase classname="backend.tests.backend_test.TestAdmin" name="test_product_create_forbidden" time="0.049" /><testcase classname="backend.tests.backend_test.TestAdmin" name="test_product_create_unauth" time="0.120" /><testcase classname="backend.tests.backend_test.TestNewsletter" name="test_newsletter_subscribe" time="0.230" /></testsuite></testsuites>